<?xml version="1.0" encoding="UTF-8"?>
<!-- Generated by org.testng.reporters.JUnitReportReporter -->
<testsuite skipped="0" hostname="DESKTOP-C3843KB" name="com.crm.testcases.LoginTest" tests="2" failures="0" timestamp="02 Jun 2020 17:26:29 GMT" time="38.641" errors="0">
  <testcase name="loginPageImagetitle" time="19.389" classname="com.crm.testcases.LoginTest"/>
  <testcase name="login" time="19.252" classname="com.crm.testcases.LoginTest"/>
</testsuite> <!-- com.crm.testcases.LoginTest -->
